<?xml version="1.0" encoding="UTF-8"?>
<testng-results ignored="0" total="1" passed="1" failed="0" skipped="0">
  <reporter-output>
  </reporter-output>
  <suite started-at="2024-05-18T15:47:48 WEST" name="Default suite" finished-at="2024-05-18T15:48:28 WEST" duration-ms="40058">
    <groups>
      <group name="cucumber">
        <method signature="AbstractTestNGCucumberTests.runScenario(io.cucumber.testng.PickleWrapper,io.cucumber.testng.FeatureWrapper)[pri:0, instance:TestRunner.CucumberTestRunner@48075da3]" name="runScenario" class="io.cucumber.testng.AbstractTestNGCucumberTests"/>
      </group> <!-- cucumber -->
    </groups>
    <test started-at="2024-05-18T15:47:48 WEST" name="Default test" finished-at="2024-05-18T15:48:28 WEST" duration-ms="40058">
      <class name="TestRunner.CucumberTestRunner">
        <test-method is-config="true" signature="setUpClass(org.testng.ITestContext)[pri:0, instance:TestRunner.CucumberTestRunner@48075da3]" started-at="2024-05-18T15:47:48 WEST" name="setUpClass" finished-at="2024-05-18T15:47:49 WEST" duration-ms="811" status="PASS">
          <params>
            <param index="0">
              <value>
                <![CDATA[org.testng.TestRunner@2b6fcb9f]]>
              </value>
            </param>
          </params>
          <reporter-output>
          </reporter-output>
        </test-method> <!-- setUpClass -->
        <test-method signature="runScenario(io.cucumber.testng.PickleWrapper,io.cucumber.testng.FeatureWrapper)[pri:0, instance:TestRunner.CucumberTestRunner@48075da3]" started-at="2024-05-18T15:47:49 WEST" name="runScenario" description="Runs Cucumber Scenarios" data-provider="scenarios" finished-at="2024-05-18T15:48:28 WEST" duration-ms="39136" status="PASS">
          <params>
            <param index="0">
              <value>
                <![CDATA["Validate the negative path of enquiring the highest price at Mercedes-Benz"]]>
              </value>
            </param>
            <param index="1">
              <value>
                <![CDATA["Explore available vehicles and order online"]]>
              </value>
            </param>
          </params>
          <reporter-output>
          </reporter-output>
        </test-method> <!-- runScenario -->
        <test-method is-config="true" signature="tearDownClass()[pri:0, instance:TestRunner.CucumberTestRunner@48075da3]" started-at="2024-05-18T15:48:28 WEST" name="tearDownClass" finished-at="2024-05-18T15:48:28 WEST" duration-ms="43" status="PASS">
          <reporter-output>
          </reporter-output>
        </test-method> <!-- tearDownClass -->
      </class> <!-- TestRunner.CucumberTestRunner -->
    </test> <!-- Default test -->
  </suite> <!-- Default suite -->
</testng-results>
